09:40:56.522  639  DEBUG fr.sparna.rdf.xls2rdf.app.Convert - Will use output format : text/turtle
09:40:56.527  644  DEBUG fr.sparna.rdf.xls2rdf.app.Convert - Will use ModelWriter : fr.sparna.rdf.xls2rdf.OutputStreamModelWriter
09:40:57.211  1328 DEBUG f.s.rdf.xls2rdf.Xls2RdfConverter - Processing sheet: Sheet1
09:40:57.216  1333 INFO  f.sparna.rdf.xls2rdf.RdfizableSheet - Found proper property in header : http://purl.org/idem/
09:40:57.217  1334 INFO  f.sparna.rdf.xls2rdf.RdfizableSheet - Found proper property in header : http://www.w3.org/2004/02/skos/core#
09:40:57.218  1335 INFO  f.sparna.rdf.xls2rdf.RdfizableSheet - Found proper property in header : http://purl.org/pav/
09:40:57.219  1336 INFO  f.sparna.rdf.xls2rdf.RdfizableSheet - Found proper property in header : http://purl.org/dc/terms/
09:40:57.222  1339 INFO  f.sparna.rdf.xls2rdf.RdfizableSheet - Found proper property in header : https://orcid.org/0000-0003-4124-9040
09:40:57.223  1340 INFO  f.sparna.rdf.xls2rdf.RdfizableSheet - Found proper property in header : https://spdx.org/licenses/CC0-1.0
09:40:57.227  1344 INFO  f.sparna.rdf.xls2rdf.RdfizableSheet - Found proper property in header : http://www.w3.org/2004/02/skos/core#prefLabel
09:40:57.227  1344 INFO  f.sparna.rdf.xls2rdf.RdfizableSheet - Found proper property in header : http://www.w3.org/2004/02/skos/core#altLabel
09:40:57.228  1345 INFO  f.sparna.rdf.xls2rdf.RdfizableSheet - Found proper property in header : http://www.w3.org/2004/02/skos/core#definition
09:40:57.228  1345 INFO  f.sparna.rdf.xls2rdf.RdfizableSheet - Found proper property in header : http://purl.org/dc/terms/source
09:40:57.228  1345 INFO  f.sparna.rdf.xls2rdf.RdfizableSheet - Found proper property in header : http://www.w3.org/2004/02/skos/core#broader
09:40:57.228  1345 INFO  f.sparna.rdf.xls2rdf.RdfizableSheet - Found proper property in header : http://www.w3.org/2004/02/skos/core#exactMatch
09:40:57.228  1345 INFO  f.sparna.rdf.xls2rdf.RdfizableSheet - Found proper property in header : http://www.w3.org/2004/02/skos/core#closeMatch
09:40:57.228  1345 INFO  f.sparna.rdf.xls2rdf.RdfizableSheet - Found proper property in header : http://www.w3.org/2004/02/skos/core#editorialNote
09:40:57.228  1345 INFO  f.sparna.rdf.xls2rdf.RdfizableSheet - Found proper property in header : http://purl.org/dc/terms/creator
09:40:57.228  1345 INFO  f.sparna.rdf.xls2rdf.RdfizableSheet - Found at least 2 headers with proper property declaration in the first 10 columns, title row is at index 15
09:40:57.229  1346 DEBUG f.s.rdf.xls2rdf.Xls2RdfConverter - Found title row at index 15
09:40:57.231  1348 DEBUG f.s.rdf.xls2rdf.Xls2RdfConverter - Adding value on header object "IDEM: wInD Energy Models" with lang en
09:40:57.234  1351 DEBUG f.s.rdf.xls2rdf.Xls2RdfConverter - Adding value on header object "A classification of models used in wind energy" with lang en
09:40:57.234  1351 DEBUG f.s.rdf.xls2rdf.Xls2RdfConverter - Adding value on header object "https://orcid.org/0000-0003-4124-9040" with lang en
09:40:57.234  1351 DEBUG f.s.rdf.xls2rdf.Xls2RdfConverter - Adding value on header object "https://spdx.org/licenses/CC0-1.0" with lang en
09:40:57.234  1351 DEBUG f.s.rdf.xls2rdf.Xls2RdfConverter - Adding value on header object "0.1.0" with lang en
09:40:57.235  1352 DEBUG f.s.rdf.xls2rdf.Xls2RdfConverter - Adding value on header object "2017-09-01T12:00+02:00" with lang en
09:40:57.235  1352 DEBUG f.s.rdf.xls2rdf.Xls2RdfConverter - Adding value on header object "2021-10-05T12:00+02:00" with lang en
09:40:57.237  1354 ERROR f.s.rdf.xls2rdf.ColumnHeaderParser - Unsuccessfull parsing of header parameters for header 'Definition of terms (optionally properties)', Exception is java.lang.ArrayIndexOutOfBoundsException : Index 1 out of bounds for length 1
09:40:57.237  1354 DEBUG f.s.rdf.xls2rdf.Xls2RdfConverter - Converting data with these column headers: 
09:40:57.237  1354 DEBUG f.s.rdf.xls2rdf.Xls2RdfConverter - ColumnHeader [originalValue=Identifier, language=Optional.empty, datatype=Optional.empty, property=null, declaredProperty=Identifier, inverse=false, parameters={}, id=null, reconcileOn=null, headerCell=Identifier]
09:40:57.238  1355 DEBUG f.s.rdf.xls2rdf.Xls2RdfConverter - ColumnHeader [originalValue=skos:prefLabel@en, language=Optional[en], datatype=Optional.empty, property=http://www.w3.org/2004/02/skos/core#prefLabel, declaredProperty=skos:prefLabel, inverse=false, parameters={}, id=null, reconcileOn=null, headerCell=skos:prefLabel@en]
09:40:57.239  1356 DEBUG f.s.rdf.xls2rdf.Xls2RdfConverter - ColumnHeader [originalValue=skos:altLabel(separator=";"), language=Optional.empty, datatype=Optional.empty, property=http://www.w3.org/2004/02/skos/core#altLabel, declaredProperty=skos:altLabel, inverse=false, parameters={separator=;}, id=null, reconcileOn=null, headerCell=skos:altLabel(separator=";")]
09:40:57.239  1356 DEBUG f.s.rdf.xls2rdf.Xls2RdfConverter - ColumnHeader [originalValue=skos:definition@en, language=Optional[en], datatype=Optional.empty, property=http://www.w3.org/2004/02/skos/core#definition, declaredProperty=skos:definition, inverse=false, parameters={}, id=null, reconcileOn=null, headerCell=skos:definition@en]
09:40:57.239  1356 DEBUG f.s.rdf.xls2rdf.Xls2RdfConverter - ColumnHeader [originalValue=dct:source(separator=","), language=Optional.empty, datatype=Optional.empty, property=http://purl.org/dc/terms/source, declaredProperty=dct:source, inverse=false, parameters={separator=,}, id=null, reconcileOn=null, headerCell=dct:source(separator=",")]
09:40:57.239  1356 DEBUG f.s.rdf.xls2rdf.Xls2RdfConverter - ColumnHeader [originalValue=skos:broader(separator=","), language=Optional.empty, datatype=Optional.empty, property=http://www.w3.org/2004/02/skos/core#broader, declaredProperty=skos:broader, inverse=false, parameters={separator=,}, id=null, reconcileOn=null, headerCell=skos:broader(separator=",")]
09:40:57.239  1356 DEBUG f.s.rdf.xls2rdf.Xls2RdfConverter - ColumnHeader [originalValue=skos:exactMatch(separator=","), language=Optional.empty, datatype=Optional.empty, property=http://www.w3.org/2004/02/skos/core#exactMatch, declaredProperty=skos:exactMatch, inverse=false, parameters={separator=,}, id=null, reconcileOn=null, headerCell=skos:exactMatch(separator=",")]
09:40:57.239  1356 DEBUG f.s.rdf.xls2rdf.Xls2RdfConverter - ColumnHeader [originalValue=skos:closeMatch(separator=","), language=Optional.empty, datatype=Optional.empty, property=http://www.w3.org/2004/02/skos/core#closeMatch, declaredProperty=skos:closeMatch, inverse=false, parameters={separator=,}, id=null, reconcileOn=null, headerCell=skos:closeMatch(separator=",")]
09:40:57.239  1356 DEBUG f.s.rdf.xls2rdf.Xls2RdfConverter - ColumnHeader [originalValue=skos:editorialNote@en, language=Optional[en], datatype=Optional.empty, property=http://www.w3.org/2004/02/skos/core#editorialNote, declaredProperty=skos:editorialNote, inverse=false, parameters={}, id=null, reconcileOn=null, headerCell=skos:editorialNote@en]
09:40:57.239  1356 DEBUG f.s.rdf.xls2rdf.Xls2RdfConverter - ColumnHeader [originalValue=dct:creator(separator=","), language=Optional.empty, datatype=Optional.empty, property=http://purl.org/dc/terms/creator, declaredProperty=dct:creator, inverse=false, parameters={separator=,}, id=null, reconcileOn=null, headerCell=dct:creator(separator=",")]
09:40:57.239  1356 DEBUG f.s.rdf.xls2rdf.Xls2RdfConverter - ColumnHeader [originalValue=dct:contributor(separator=","), language=Optional.empty, datatype=Optional.empty, property=http://purl.org/dc/terms/contributor, declaredProperty=dct:contributor, inverse=false, parameters={separator=,}, id=null, reconcileOn=null, headerCell=dct:contributor(separator=",")]
09:40:57.239  1356 INFO  f.s.rdf.xls2rdf.Xls2RdfConverter - Converting rows...
09:40:57.269  1386 INFO  f.s.rdf.xls2rdf.Xls2RdfConverter - Applying SKOS post-processings on the result
09:40:57.269  1386 DEBUG f.s.rdf.xls2rdf.SkosPostProcessor - Postprocessing : SkosPostProcessor
09:40:57.270  1387 DEBUG f.s.rdf.xls2rdf.SkosPostProcessor - Considering main resource like a ConceptScheme.
09:40:57.273  1390 DEBUG f.s.rdf.xls2rdf.SkosPostProcessor - Adding inverse skos:broader and skos:narrower
09:40:57.275  1392 DEBUG f.s.rdf.xls2rdf.SkosPostProcessor - Adding skos:inScheme
09:40:57.277  1394 DEBUG f.s.rdf.xls2rdf.SkosPostProcessor - Setting rdf:type skos:ConceptScheme to main resource
09:40:57.277  1394 DEBUG f.s.rdf.xls2rdf.SkosPostProcessor - Adding skos:hasTopConcept / skos:topConceptOf
09:40:57.279  1396 DEBUG f.s.rdf.xls2rdf.Xls2RdfConverter - Saving graph of 197 statements generated from Sheet Sheet1
